This is pdfTeX, Version 3.1415926-2.4-1.40.13 (TeX Live 2012/Debian) (format=pdflatex 2013.11.28)  18 JUN 2014 16:54
entering extended mode
 restricted \write18 enabled.
 %&-line parsing enabled.
**monografia.tex
(./monografia.tex
LaTeX2e <2011/06/27>
Babel <v3.8m> and hyphenation patterns for english, dumylang, nohyphenation, po
rtuguese, loaded.
(/usr/share/texmf/tex/latex/abntex/abnt.cls
(/usr/share/texmf/tex/latex/abntex/cvs-id.def)
Document Class: abnt 2006/09/09 v1.32 Classe abnt (NBR6024, NBR6027, NBR6028, N
BR14724)
(/usr/share/texlive/texmf-dist/tex/latex/base/ifthen.sty
Package: ifthen 2001/05/26 v1.1c Standard LaTeX ifthen package (DPC)
)
(/usr/share/texlive/texmf-dist/tex/latex/tools/calc.sty
Package: calc 2007/08/22 v4.3 Infix arithmetic (KKT,FJ)
\calc@Acount=\count79
\calc@Bcount=\count80
\calc@Adimen=\dimen102
\calc@Bdimen=\dimen103
\calc@Askip=\skip41
\calc@Bskip=\skip42
LaTeX Info: Redefining \setlength on input line 76.
LaTeX Info: Redefining \addtolength on input line 77.
\calc@Ccount=\count81
\calc@Cskip=\skip43
)
(/usr/share/texlive/texmf-dist/tex/latex/tools/multicol.sty
Package: multicol 2011/06/27 v1.7a multicolumn formatting (FMi)
\c@tracingmulticols=\count82
\mult@box=\box26
\multicol@leftmargin=\dimen104
\c@unbalance=\count83
\c@collectmore=\count84
\doublecol@number=\count85
\multicoltolerance=\count86
\multicolpretolerance=\count87
\full@width=\dimen105
\page@free=\dimen106
\premulticols=\dimen107
\postmulticols=\dimen108
\multicolsep=\skip44
\multicolbaselineskip=\skip45
\partial@page=\box27
\last@line=\box28
\mult@rightbox=\box29
\mult@grightbox=\box30
\mult@gfirstbox=\box31
\mult@firstbox=\box32
\@tempa=\box33
\@tempa=\box34
\@tempa=\box35
\@tempa=\box36
\@tempa=\box37
\@tempa=\box38
\@tempa=\box39
\@tempa=\box40
\@tempa=\box41
\@tempa=\box42
\@tempa=\box43
\@tempa=\box44
\@tempa=\box45
\@tempa=\box46
\@tempa=\box47
\@tempa=\box48
\@tempa=\box49
\c@columnbadness=\count88
\c@finalcolumnbadness=\count89
\last@try=\dimen109
\multicolovershoot=\dimen110
\multicolundershoot=\dimen111
\mult@nat@firstbox=\box50
\colbreak@box=\box51
\multicol@sort@counter=\count90
)
(/usr/share/texmf/tex/latex/abntex/abntex-abrev.sty
(/usr/share/texmf/tex/latex/abntex/cvs-id.def)
Package: abntex-abrev 2005/11/14 v1.4 Abreviacoes

(/usr/share/texmf/tex/latex/abntex/nbr10522-1988.def
(/usr/share/texmf/tex/latex/abntex/cvs-id.def)
File: nbr10522-1988.def 2003/10/13 v1.2 Abreviacoes bibliograficas (NBR10522:19
88)
)
(/usr/share/texmf/tex/latex/abntex/abntex-abrev-pt_BR.def
(/usr/share/texmf/tex/latex/abntex/cvs-id.def)
File: abntex-abrev-pt_BR.def 2005/11/14 v1.3 definicao de abntex-abrev, traduca
o de termos en_US/pt_BR
))
(/usr/share/texmf/tex/latex/abntex/abntex-text.sty
(/usr/share/texmf/tex/latex/abntex/cvs-id.def)
Package: abntex-text 2005/11/14 v1.1 abnTeX text replacements

(/usr/share/texmf/tex/latex/abntex/abntex-text-pt_BR.def
(/usr/share/texmf/tex/latex/abntex/cvs-id.def)
File: abntex-text-pt_BR.def 2005/12/21 v1.2 Definicao de nomes em Portugues/Bra
sil (pt_BR)
))
(/usr/share/texmf/tex/latex/abntex/abntex-default-design.sty
(/usr/share/texmf/tex/latex/abntex/cvs-id.def)
Package: abntex-default-design 2005/06/22 v1.2 Definicoes de design padrao do a
bntex

(/usr/share/texlive/texmf-dist/tex/latex/relsize/relsize.sty
Package: relsize 2011/09/21 ver 4.0

Examine \normalsize starts \@latex@error size may be \@eha. 

Package relsize Warning: Failed to get list of defined font sizes.
(relsize)                Size scaling will attempt arbitrary sizes..

)
\ABNTanapindent=\skip46
\ABNTsignwidth=\skip47
\ABNTsignthickness=\skip48
\ABNTsignskip=\skip49
) (/usr/share/texmf/tex/latex/abntex/nbr6027-1989.def)
(/usr/share/texmf/tex/latex/abntex/nbr14724-2001.def)
(/usr/share/texlive/texmf-dist/tex/latex/base/report.cls
Document Class: report 2007/10/19 v1.4h Standard LaTeX document class
(/usr/share/texlive/texmf-dist/tex/latex/base/size12.clo
File: size12.clo 2007/10/19 v1.4h Standard LaTeX file (size option)
)
\c@part=\count91
\c@chapter=\count92
\c@section=\count93
\c@subsection=\count94
\c@subsubsection=\count95
\c@paragraph=\count96
\c@subparagraph=\count97
\c@figure=\count98
\c@table=\count99
\abovecaptionskip=\skip50
\belowcaptionskip=\skip51
\bibindent=\dimen112
)
(/usr/share/texlive/texmf-dist/tex/latex/setspace/setspace.sty
Package: setspace 2011/12/19 v6.7a set line spacing
)
(/usr/share/texlive/texmf-dist/tex/latex/psnfss/mathptmx.sty
Package: mathptmx 2005/04/12 PSNFSS-v9.2a Times w/ Math, improved (SPQR, WaS) 
LaTeX Font Info:    Redeclaring symbol font `operators' on input line 28.
LaTeX Font Info:    Overwriting symbol font `operators' in version `normal'
(Font)                  OT1/cmr/m/n --> OT1/ztmcm/m/n on input line 28.
LaTeX Font Info:    Overwriting symbol font `operators' in version `bold'
(Font)                  OT1/cmr/bx/n --> OT1/ztmcm/m/n on input line 28.
LaTeX Font Info:    Redeclaring symbol font `letters' on input line 29.
LaTeX Font Info:    Overwriting symbol font `letters' in version `normal'
(Font)                  OML/cmm/m/it --> OML/ztmcm/m/it on input line 29.
LaTeX Font Info:    Overwriting symbol font `letters' in version `bold'
(Font)                  OML/cmm/b/it --> OML/ztmcm/m/it on input line 29.
LaTeX Font Info:    Redeclaring symbol font `symbols' on input line 30.
LaTeX Font Info:    Overwriting symbol font `symbols' in version `normal'
(Font)                  OMS/cmsy/m/n --> OMS/ztmcm/m/n on input line 30.
LaTeX Font Info:    Overwriting symbol font `symbols' in version `bold'
(Font)                  OMS/cmsy/b/n --> OMS/ztmcm/m/n on input line 30.
LaTeX Font Info:    Redeclaring symbol font `largesymbols' on input line 31.
LaTeX Font Info:    Overwriting symbol font `largesymbols' in version `normal'
(Font)                  OMX/cmex/m/n --> OMX/ztmcm/m/n on input line 31.
LaTeX Font Info:    Overwriting symbol font `largesymbols' in version `bold'
(Font)                  OMX/cmex/m/n --> OMX/ztmcm/m/n on input line 31.
\symbold=\mathgroup4
\symitalic=\mathgroup5
LaTeX Font Info:    Redeclaring math alphabet \mathbf on input line 34.
LaTeX Font Info:    Overwriting math alphabet `\mathbf' in version `normal'
(Font)                  OT1/cmr/bx/n --> OT1/ptm/bx/n on input line 34.
LaTeX Font Info:    Overwriting math alphabet `\mathbf' in version `bold'
(Font)                  OT1/cmr/bx/n --> OT1/ptm/bx/n on input line 34.
LaTeX Font Info:    Redeclaring math alphabet \mathit on input line 35.
LaTeX Font Info:    Overwriting math alphabet `\mathit' in version `normal'
(Font)                  OT1/cmr/m/it --> OT1/ptm/m/it on input line 35.
LaTeX Font Info:    Overwriting math alphabet `\mathit' in version `bold'
(Font)                  OT1/cmr/bx/it --> OT1/ptm/m/it on input line 35.
LaTeX Info: Redefining \hbar on input line 50.
)
(/usr/share/texlive/texmf-dist/tex/latex/psnfss/helvet.sty
Package: helvet 2005/04/12 PSNFSS-v9.2a (WaS) 

(/usr/share/texlive/texmf-dist/tex/latex/graphics/keyval.sty
Package: keyval 1999/03/16 v1.13 key=value parser (DPC)
\KV@toks@=\toks14
))
(/usr/share/texlive/texmf-dist/tex/latex/tools/indentfirst.sty
Package: indentfirst 1995/11/23 v1.03 Indent first paragraph (DPC)
))
(./estilo-monografia.sty
Package: estilo-monografia 

(/usr/share/texlive/texmf-dist/tex/latex/base/inputenc.sty
Package: inputenc 2008/03/30 v1.1d Input encoding file
\inpenc@prehook=\toks15
\inpenc@posthook=\toks16

(/usr/share/texlive/texmf-dist/tex/latex/ucs/utf8x.def
File: utf8x.def 2004/10/17 UCS: Input encoding UTF-8
))
(/usr/share/texlive/texmf-dist/tex/latex/ucs/ucs.sty
Package: ucs 2004/10/17 UCS: Unicode input support

(/usr/share/texlive/texmf-dist/tex/latex/ucs/data/uni-global.def
File: uni-global.def 2012/04/20 UCS: Unicode global data
)
\uc@secondtry=\count100
\uc@combtoks=\toks17
\uc@combtoksb=\toks18
\uc@temptokena=\toks19
)
(/usr/share/texlive/texmf-dist/tex/generic/babel/babel.sty
Package: babel 2008/07/08 v3.8m The Babel package

(/usr/share/texlive/texmf-dist/tex/generic/babel/english.ldf
Language: english 2005/03/30 v3.3o English support from the babel system

(/usr/share/texlive/texmf-dist/tex/generic/babel/babel.def
File: babel.def 2008/07/08 v3.8m Babel common definitions
\babel@savecnt=\count101
\U@D=\dimen113
)
\l@british = a dialect from \language\l@english 
\l@UKenglish = a dialect from \language\l@english 
\l@canadian = a dialect from \language\l@american 
\l@australian = a dialect from \language\l@british 
\l@newzealand = a dialect from \language\l@british 
)
(/usr/share/texlive/texmf-dist/tex/generic/babel/portuges.ldf
Language: portuges 2008/03/18 v1.2q Portuguese support from the babel system
\l@brazil = a dialect from \language\l@portuges 
Package babel Info: Making " an active character on input line 145.
))
(/usr/share/texlive/texmf-dist/tex/latex/graphics/graphicx.sty
Package: graphicx 1999/02/16 v1.0f Enhanced LaTeX Graphics (DPC,SPQR)

(/usr/share/texlive/texmf-dist/tex/latex/graphics/graphics.sty
Package: graphics 2009/02/05 v1.0o Standard LaTeX Graphics (DPC,SPQR)

(/usr/share/texlive/texmf-dist/tex/latex/graphics/trig.sty
Package: trig 1999/03/16 v1.09 sin cos tan (DPC)
)
(/usr/share/texlive/texmf-dist/tex/latex/latexconfig/graphics.cfg
File: graphics.cfg 2010/04/23 v1.9 graphics configuration of TeX Live
)
Package graphics Info: Driver file: pdftex.def on input line 91.

(/usr/share/texlive/texmf-dist/tex/latex/pdftex-def/pdftex.def
File: pdftex.def 2011/05/27 v0.06d Graphics/color for pdfTeX

(/usr/share/texlive/texmf-dist/tex/generic/oberdiek/infwarerr.sty
Package: infwarerr 2010/04/08 v1.3 Providing info/warning/error messages (HO)
)
(/usr/share/texlive/texmf-dist/tex/generic/oberdiek/ltxcmds.sty
Package: ltxcmds 2011/11/09 v1.22 LaTeX kernel commands for general use (HO)
)
\Gread@gobject=\count102
))
\Gin@req@height=\dimen114
\Gin@req@width=\dimen115
)
(/usr/share/texlive/texmf-dist/tex/latex/subfigure/subfigure.sty
Package: subfigure 2002/03/15 v2.1.5 subfigure package
\subfigtopskip=\skip52
\subfigcapskip=\skip53
\subfigcaptopadj=\dimen116
\subfigbottomskip=\skip54
\subfigcapmargin=\dimen117
\subfiglabelskip=\skip55
\c@subfigure=\count103
\c@lofdepth=\count104
\c@subtable=\count105
\c@lotdepth=\count106

****************************************
* Local config file subfigure.cfg used *
****************************************
(/usr/share/texlive/texmf-dist/tex/latex/subfigure/subfigure.cfg)
\subfig@top=\skip56
\subfig@bottom=\skip57
)
(/usr/share/texlive/texmf-dist/tex/latex/url/url.sty
\Urlmuskip=\muskip10
Package: url 2006/04/12  ver 3.3  Verb mode for urls, etc.
)
(/usr/share/texlive/texmf-dist/tex/latex/listings/listings.sty
\lst@mode=\count107
\lst@gtempboxa=\box52
\lst@token=\toks20
\lst@length=\count108
\lst@currlwidth=\dimen118
\lst@column=\count109
\lst@pos=\count110
\lst@lostspace=\dimen119
\lst@width=\dimen120
\lst@newlines=\count111
\lst@lineno=\count112
\lst@maxwidth=\dimen121

(/usr/share/texlive/texmf-dist/tex/latex/listings/lstmisc.sty
File: lstmisc.sty 2007/02/22 1.4 (Carsten Heinz)
\c@lstnumber=\count113
\lst@skipnumbers=\count114
\lst@framebox=\box53
)
(/usr/share/texlive/texmf-dist/tex/latex/listings/listings.cfg
File: listings.cfg 2007/02/22 1.4 listings configuration
))
Package: listings 2007/02/22 1.4 (Carsten Heinz)

(/usr/share/texlive/texmf-dist/tex/latex/graphics/color.sty
Package: color 2005/11/14 v1.0j Standard LaTeX Color (DPC)

(/usr/share/texlive/texmf-dist/tex/latex/latexconfig/color.cfg
File: color.cfg 2007/01/18 v1.5 color configuration of teTeX/TeXLive
)
Package color Info: Driver file: pdftex.def on input line 130.
)
(/usr/share/texlive/texmf-dist/tex/latex/base/latexsym.sty
Package: latexsym 1998/08/17 v2.2e Standard LaTeX package (lasy symbols)
\symlasy=\mathgroup6
LaTeX Font Info:    Overwriting symbol font `lasy' in version `bold'
(Font)                  U/lasy/m/n --> U/lasy/b/n on input line 47.
)
(/usr/share/texmf/tex/latex/abntex/abnt-alf.sty
Package: abnt-alf 2002/06/24

(/usr/share/texmf/tex/latex/abntex/abntcite.sty
(/usr/share/texmf/tex/latex/abntex/cvs-id.def)
Package: abntcite 2006/04/25 v1.30 Chamadas de referencias no texto (NBR10520, 
NBR10522)
\minimumbiblabelwidth=\skip58
\ABCIauxlen=\skip59
\c@ABCIaux=\count115
\c@ABCImax=\count116

(/usr/share/texmf/tex/latex/abntex/nbr10520-2002.def
(/usr/share/texmf/tex/latex/abntex/cvs-id.def)
File: nbr10520-2002.def 2006/04/25 v1.4 Definicoes para abntcite (NBR10520:2002
)
)
\biblabelsep=\skip60
LaTeX Info: Redefining \newblock on input line 466.
LaTeX Info: Redefining \cite on input line 493.
\ABCItoken=\toks21
))
(/usr/share/texlive/texmf-dist/tex/latex/multirow/multirow.sty
\bigstrutjot=\dimen122
)
(/usr/share/texlive/texmf-dist/tex/latex/hyphenat/hyphenat.sty
Package: hyphenat 2009/09/02 v2.3c hyphenation utilities
\langwohyphens=\language4
LaTeX Info: Redefining \_ on input line 43.
)
(/usr/share/texlive/texmf-dist/tex/latex/caption/caption.sty
Package: caption 2012/02/19 v3.2f Customizing captions (AR)

(/usr/share/texlive/texmf-dist/tex/latex/caption/caption3.sty
Package: caption3 2012/01/12 v1.4b caption3 kernel (AR)
\captionmargin=\dimen123
\captionmargin@=\dimen124
\captionwidth=\dimen125
\caption@indent=\dimen126
\caption@parindent=\dimen127
\caption@hangindent=\dimen128
)
\c@ContinuedFloat=\count117
Package caption Info: listings package is loaded.
Package caption Info: subfigure package is loaded.
)
(./acronym-emerson.sty
Package: acronym-emerson 2004/11/10 v1.17 Support for acronyms (Tobias Oetiker)

\clearlist=\toks22
)) (./monografia.aux (./capa.aux) (./folhadeaprovacao.aux) (./dedicatoria.aux) 
(./agradecimentos.aux) (./resumo.aux) (./abstract.aux)
(./acronimos.aux) (./introducao.aux) (./cap2.aux) (./cap3.aux) (./cap4.aux)
(./conclusoes.aux))
\openout1 = `monografia.aux'.

LaTeX Font Info:    Checking defaults for OML/cmm/m/it on input line 19.
LaTeX Font Info:    ... okay on input line 19.
LaTeX Font Info:    Checking defaults for T1/cmr/m/n on input line 19.
LaTeX Font Info:    ... okay on input line 19.
LaTeX Font Info:    Checking defaults for OT1/cmr/m/n on input line 19.
LaTeX Font Info:    ... okay on input line 19.
LaTeX Font Info:    Checking defaults for OMS/cmsy/m/n on input line 19.
LaTeX Font Info:    ... okay on input line 19.
LaTeX Font Info:    Checking defaults for OMX/cmex/m/n on input line 19.
LaTeX Font Info:    ... okay on input line 19.
LaTeX Font Info:    Checking defaults for U/cmr/m/n on input line 19.
LaTeX Font Info:    ... okay on input line 19.
LaTeX Font Info:    Try loading font information for OT1+ptm on input line 19.
 (/usr/share/texlive/texmf-dist/tex/latex/psnfss/ot1ptm.fd
File: ot1ptm.fd 2001/06/04 font definitions for OT1/ptm.
)
\big@size=\dimen129

(/usr/share/texlive/texmf-dist/tex/latex/ucs/ucsencs.def
File: ucsencs.def 2011/01/21 Fixes to fontencodings LGR, T3
)
(/usr/share/texlive/texmf-dist/tex/context/base/supp-pdf.mkii
[Loading MPS to PDF converter (version 2006.09.02).]
\scratchcounter=\count118
\scratchdimen=\dimen130
\scratchbox=\box54
\nofMPsegments=\count119
\nofMParguments=\count120
\everyMPshowfont=\toks23
\MPscratchCnt=\count121
\MPscratchDim=\dimen131
\MPnumerator=\count122
\makeMPintoPDFobject=\count123
\everyMPtoPDFconversion=\toks24
) (/usr/share/texlive/texmf-dist/tex/generic/oberdiek/pdftexcmds.sty
Package: pdftexcmds 2011/11/29 v0.20 Utility functions of pdfTeX for LuaTeX (HO
)

(/usr/share/texlive/texmf-dist/tex/generic/oberdiek/ifluatex.sty
Package: ifluatex 2010/03/01 v1.3 Provides the ifluatex switch (HO)
Package ifluatex Info: LuaTeX not detected.
)
(/usr/share/texlive/texmf-dist/tex/generic/oberdiek/ifpdf.sty
Package: ifpdf 2011/01/30 v2.3 Provides the ifpdf switch (HO)
Package ifpdf Info: pdfTeX in PDF mode is detected.
)
Package pdftexcmds Info: LuaTeX not detected.
Package pdftexcmds Info: \pdf@primitive is available.
Package pdftexcmds Info: \pdf@ifprimitive is available.
Package pdftexcmds Info: \pdfdraftmode found.
)
(/usr/share/texlive/texmf-dist/tex/latex/oberdiek/epstopdf-base.sty
Package: epstopdf-base 2010/02/09 v2.5 Base part for package epstopdf

(/usr/share/texlive/texmf-dist/tex/latex/oberdiek/grfext.sty
Package: grfext 2010/08/19 v1.1 Manage graphics extensions (HO)

(/usr/share/texlive/texmf-dist/tex/generic/oberdiek/kvdefinekeys.sty
Package: kvdefinekeys 2011/04/07 v1.3 Define keys (HO)
))
(/usr/share/texlive/texmf-dist/tex/latex/oberdiek/kvoptions.sty
Package: kvoptions 2011/06/30 v3.11 Key value format for package options (HO)

(/usr/share/texlive/texmf-dist/tex/generic/oberdiek/kvsetkeys.sty
Package: kvsetkeys 2012/04/25 v1.16 Key value parser (HO)

(/usr/share/texlive/texmf-dist/tex/generic/oberdiek/etexcmds.sty
Package: etexcmds 2011/02/16 v1.5 Avoid name clashes with e-TeX commands (HO)
Package etexcmds Info: Could not find \expanded.
(etexcmds)             That can mean that you are not using pdfTeX 1.50 or
(etexcmds)             that some package has redefined \expanded.
(etexcmds)             In the latter case, load this package earlier.
)))
Package grfext Info: Graphics extension search list:
(grfext)             [.png,.pdf,.jpg,.mps,.jpeg,.jbig2,.jb2,.PNG,.PDF,.JPG,.JPE
G,.JBIG2,.JB2,.eps]
(grfext)             \AppendGraphicsExtensions on input line 452.

(/usr/share/texlive/texmf-dist/tex/latex/latexconfig/epstopdf-sys.cfg
File: epstopdf-sys.cfg 2010/07/13 v1.3 Configuration of (r)epstopdf for TeX Liv
e
))
\c@lstlisting=\count124
Package caption Info: Begin \AtBeginDocument code.
Package caption Info: End \AtBeginDocument code.
\openout2 = `capa.aux'.


(./capa.tex
LaTeX Font Info:    Font shape `OT1/ptm/bx/n' in size <14.4> not available
(Font)              Font shape `OT1/ptm/b/n' tried instead on input line 28.
LaTeX Font Info:    Try loading font information for OT1+ztmcm on input line 28
.
 (/usr/share/texlive/texmf-dist/tex/latex/psnfss/ot1ztmcm.fd
File: ot1ztmcm.fd 2000/01/03 Fontinst v1.801 font definitions for OT1/ztmcm.
)
LaTeX Font Info:    Try loading font information for OML+ztmcm on input line 28
.

(/usr/share/texlive/texmf-dist/tex/latex/psnfss/omlztmcm.fd
File: omlztmcm.fd 2000/01/03 Fontinst v1.801 font definitions for OML/ztmcm.
)
LaTeX Font Info:    Try loading font information for OMS+ztmcm on input line 28
.

(/usr/share/texlive/texmf-dist/tex/latex/psnfss/omsztmcm.fd
File: omsztmcm.fd 2000/01/03 Fontinst v1.801 font definitions for OMS/ztmcm.
)
LaTeX Font Info:    Try loading font information for OMX+ztmcm on input line 28
.

(/usr/share/texlive/texmf-dist/tex/latex/psnfss/omxztmcm.fd
File: omxztmcm.fd 2000/01/03 Fontinst v1.801 font definitions for OMX/ztmcm.
)
LaTeX Font Info:    Font shape `OT1/ptm/bx/n' in size <12> not available
(Font)              Font shape `OT1/ptm/b/n' tried instead on input line 28.
LaTeX Font Info:    Font shape `OT1/ptm/bx/n' in size <9> not available
(Font)              Font shape `OT1/ptm/b/n' tried instead on input line 28.
LaTeX Font Info:    Font shape `OT1/ptm/bx/n' in size <7> not available
(Font)              Font shape `OT1/ptm/b/n' tried instead on input line 28.
LaTeX Font Info:    Try loading font information for U+lasy on input line 28.

(/usr/share/texlive/texmf-dist/tex/latex/base/ulasy.fd
File: ulasy.fd 1998/08/17 v2.2e LaTeX symbol font definitions
)
LaTeX Font Info:    Font shape `OT1/ptm/bx/n' in size <20.74> not available
(Font)              Font shape `OT1/ptm/b/n' tried instead on input line 28.
LaTeX Font Info:    Font shape `OT1/ptm/bx/it' in size <20.74> not available
(Font)              Font shape `OT1/ptm/b/it' tried instead on input line 28.

(/usr/share/texlive/texmf-dist/tex/latex/ucs/data/uni-0.def
File: uni-0.def 2012/04/20 UCS: Unicode data U+0000..U+00FF
) [0


{/var/lib/texmf/fonts/map/pdftex/updmap/pdftex.map}]
Underfull \hbox (badness 2990) in paragraph at lines 30--30
[]\OT1/ptm/m/n/12 Monografia apre-sen-tada []a Coordena[][]ao do
 []


Underfull \hbox (badness 1231) in paragraph at lines 30--30
\OT1/ptm/m/n/12 Curso Su-pe-rior de Tec-no-lo-gia em Sis-te-mas
 []

[1])
\openout2 = `folhadeaprovacao.aux'.

 (./folhadeaprovacao.tex [2



])
\openout2 = `dedicatoria.aux'.

 (./dedicatoria.tex) [3



]
\openout2 = `agradecimentos.aux'.

 (./agradecimentos.tex
LaTeX Font Info:    Font shape `OT1/ptm/bx/n' in size <24.88> not available
(Font)              Font shape `OT1/ptm/b/n' tried instead on input line 8.
LaTeX Font Info:    Font shape `OT1/ptm/bx/it' in size <24.88> not available
(Font)              Font shape `OT1/ptm/b/it' tried instead on input line 8.
) [4



]
\openout2 = `resumo.aux'.

 (./resumo.tex [5




])
\openout2 = `abstract.aux'.

 (./abstract.tex [6




]) (./monografia.toc
LaTeX Font Info:    Font shape `OT1/ptm/bx/it' in size <12> not available
(Font)              Font shape `OT1/ptm/b/it' tried instead on input line 2.
 [7


])
\tf@toc=\write3
\openout3 = `monografia.toc'.

 [8]
(./monografia.lof)
\tf@lof=\write4
\openout4 = `monografia.lof'.

 [9


] (./monografia.lot)
\tf@lot=\write5
\openout5 = `monografia.lot'.

 [10

]
\openout2 = `acronimos.aux'.

 (./acronimos.tex [11


]) [12]
[13]
\openout2 = `introducao.aux'.

 (./introducao.tex
Cap\'{\i }tulo 1.
[14



]
LaTeX Font Info:    Font shape `OT1/ptm/bx/n' in size <10> not available
(Font)              Font shape `OT1/ptm/b/n' tried instead on input line 17.
LaTeX Font Info:    Font shape `OT1/ptm/bx/n' in size <7.4> not available
(Font)              Font shape `OT1/ptm/b/n' tried instead on input line 17.
LaTeX Font Info:    Font shape `OT1/ptm/bx/n' in size <6> not available
(Font)              Font shape `OT1/ptm/b/n' tried instead on input line 17.
LaTeX Font Info:    Font shape `OT1/ptm/bx/n' in size <17.28> not available
(Font)              Font shape `OT1/ptm/b/n' tried instead on input line 21.
 [15] [16]) [17] [18]
\openout2 = `cap2.aux'.

 (./cap2.tex
Cap\'{\i }tulo 2.
LaTeX Font Info:    Try loading font information for OMS+ptm on input line 25.
(/usr/share/texlive/texmf-dist/tex/latex/psnfss/omsptm.fd
File: omsptm.fd 
)
LaTeX Font Info:    Font shape `OMS/ptm/m/n' in size <12> not available
(Font)              Font shape `OMS/cmsy/m/n' tried instead on input line 25.
 [19



] [20] [21]
[22] <figuras/modelos-gid.png, id=80, 3161.411pt x 1618.848pt>
File: figuras/modelos-gid.png Graphic file (type png)

<use figuras/modelos-gid.png>
Package pdftex.def Info: figuras/modelos-gid.png used on input line 70.
(pdftex.def)             Requested size: 455.24411pt x 233.109pt.
 [23 <./figuras/modelos-gid.png>] [24]
Overfull \hbox (7.18346pt too wide) in paragraph at lines 98--99
\OT1/ptm/m/n/12 autentica[][]ao, atri-bu-tos e informa[][]oes de autoriza[][]ao
 en-tre pro-ve-do-res de iden-ti-da-des e de servi[]os
 []

[25] (/usr/share/texlive/texmf-dist/tex/latex/ucs/data/uni-32.def
File: uni-32.def 2012/04/20 UCS: Unicode data U+2000..U+20FF
) [26]
<figuras/pilha-saml.png, id=96, 1586.728pt x 1809.962pt>
File: figuras/pilha-saml.png Graphic file (type png)

<use figuras/pilha-saml.png>
Package pdftex.def Info: figuras/pilha-saml.png used on input line 142.
(pdftex.def)             Requested size: 273.14923pt x 311.55595pt.
 [27 <./figuras/pilha-saml.png>] [28]
<figuras/gestao-breduperson.png, id=104, 570.2103pt x 432.1746pt>
File: figuras/gestao-breduperson.png Graphic file (type png)

<use figuras/gestao-breduperson.png>
Package pdftex.def Info: figuras/gestao-breduperson.png used on input line 178.

(pdftex.def)             Requested size: 364.19667pt x 276.03687pt.
 [29] [30 <./figuras/gestao-breduperson.png>] <figuras/arvore-breduperson.png, 
id=113, 1095.292pt x 709.852pt>
File: figuras/arvore-breduperson.png Graphic file (type png)

<use figuras/arvore-breduperson.png>
Package pdftex.def Info: figuras/arvore-breduperson.png used on input line 201.

(pdftex.def)             Requested size: 364.19667pt x 236.02824pt.
 [31 <./figuras/arvore-breduperson.png>]
[32]
Overfull \hbox (2.20065pt too wide) in paragraph at lines 232--234
[]\OT1/ptm/m/n/12 Adicionalmente, um ter-ceiro com-po-nente []e es-pe-ci-fi-cad
o no \OT1/ptm/m/it/12 fra-mework \OT1/ptm/m/n/12 Shib-bo-leth, o servi[]o
 []

<figuras/fluxo-shibboleth.png, id=121, 1504.822pt x 858.407pt>
File: figuras/fluxo-shibboleth.png Graphic file (type png)

<use figuras/fluxo-shibboleth.png>
Package pdftex.def Info: figuras/fluxo-shibboleth.png used on input line 237.
(pdftex.def)             Requested size: 364.19667pt x 207.75085pt.
 [33]) [34 <./figuras/fluxo-shibboleth.png>]
\openout2 = `cap3.aux'.


(./cap3.tex
Cap\'{\i }tulo 3.
[35



] [36] [37] <figuras/edugain2.png, id=139, 576.65437pt x 304.88907pt>
File: figuras/edugain2.png Graphic file (type png)

<use figuras/edugain2.png>
Package pdftex.def Info: figuras/edugain2.png used on input line 51.
(pdftex.def)             Requested size: 455.24411pt x 240.70619pt.
 [38 <./figuras/edugain2.png>]
<figuras/cafe-refeds.png, id=143, 451.6875pt x 225.09094pt>
File: figuras/cafe-refeds.png Graphic file (type png)

<use figuras/cafe-refeds.png>
Package pdftex.def Info: figuras/cafe-refeds.png used on input line 66.
(pdftex.def)             Requested size: 455.24411pt x 226.87636pt.
) [39 <./figuras/cafe-refeds.png>]
\openout2 = `cap4.aux'.

 (./cap4.tex
Cap\'{\i }tulo 4.

Overfull \hbox (12.76024pt too wide) in paragraph at lines 13--14
[]\OT1/ptm/m/n/12 Motivada por esta ne-ces-si-dade, a RNP criou em 2013 o pro-j
eto La-bo-rat[]orio de Experimenta[][]ao
 []


Overfull \hbox (7.1445pt too wide) in paragraph at lines 17--18
[]\OT1/ptm/m/n/12 O pro-jeto GId Lab prov[]e a CAFe Ex-presso, uma In-fra-es-tr
u-tura de Autentica[][]ao e Autoriza[][]ao
 []

[40



]
Overfull \hbox (1.39607pt too wide) in paragraph at lines 19--20
[]\OT1/ptm/m/n/12 O pro-jeto GId Lab prov[]e ainda o Sis-tema de Ge-ren-ci-a-me
nto de Cer-ti-fi-ca-dos Di-gi-tais ICPEdu[]
 []

<figuras/infra-cafeexpresso.png, id=150, 2369.653pt x 1402.841pt>
File: figuras/infra-cafeexpresso.png Graphic file (type png)

<use figuras/infra-cafeexpresso.png>
Package pdftex.def Info: figuras/infra-cafeexpresso.png used on input line 30.
(pdftex.def)             Requested size: 455.24411pt x 269.49654pt.
 [41] [42 <./figuras/infra-cafeexpresso.png>] [43] [44]
Overfull \hbox (2.65129pt too wide) in paragraph at lines 86--87
[]\OT1/ptm/m/n/12 A utiliza[][]ao do OpenL-DAP[] se faz ne-cess[]aria para ar-m
a-ze-nar e ge-ren-ciar a base de usu[]arios
 []


Overfull \hbox (11.08025pt too wide) in paragraph at lines 90--91
[]\OT1/ptm/m/n/12 Dentro da ca-te-go-ria de bi-bli-o-te-cas de de-sen-vol-vi-me
nto po-dem ser ci-ta-das in[]umeras aplica[][]oes.
 []

[45]
Overfull \hbox (15.82019pt too wide) in paragraph at lines 109--110
[]\OT1/ptm/m/n/12 Foram tamb[]em im-plan-ta-dos servi[]os adi-ci-o-nais que au-
xi-liam na composi[][]ao de uma federa[][]ao.
 []

[46]
LaTeX Font Info:    Font shape `OT1/ptm/bx/n' in size <10.95> not available
(Font)              Font shape `OT1/ptm/b/n' tried instead on input line 131.
LaTeX Font Info:    Font shape `OT1/ptm/bx/n' in size <8> not available
(Font)              Font shape `OT1/ptm/b/n' tried instead on input line 131.

Overfull \hbox (4.97209pt too wide) in paragraph at lines 147--148
[]\OT1/ptm/m/n/12 Na 4.2[] []e poss[]^^Pvel vi-su-a-li-zar quais PoPs de quais 
Es-ta-dos do Bra-sil est[]ao alo-ca-das as m[]aquinas
 []

<figuras/mapa-vms.png, id=171, 539.616pt x 555.676pt>
File: figuras/mapa-vms.png Graphic file (type png)

<use figuras/mapa-vms.png>
Package pdftex.def Info: figuras/mapa-vms.png used on input line 151.
(pdftex.def)             Requested size: 273.14923pt x 281.28824pt.
 [47] [48 <./figuras/mapa-vms.png>]
<figuras/vm-idp.png, id=180, 790.152pt x 513.92pt>
File: figuras/vm-idp.png Graphic file (type png)
 <use figuras/vm-idp.png>
Package pdftex.def Info: figuras/vm-idp.png used on input line 190.
(pdftex.def)             Requested size: 227.62206pt x 148.0449pt.

[49 <./figuras/vm-idp.png>] <figuras/vm-sp.png, id=186, 746.79pt x 513.92pt>
File: figuras/vm-sp.png Graphic file (type png)

<use figuras/vm-sp.png>
Package pdftex.def Info: figuras/vm-sp.png used on input line 227.
(pdftex.def)             Requested size: 227.62206pt x 156.6395pt.
 [50 <./figuras/vm-sp.png>] [51]
<figuras/wayf-ds.png, id=194, 3334.056pt x 1389.993pt>
File: figuras/wayf-ds.png Graphic file (type png)

<use figuras/wayf-ds.png>
Package pdftex.def Info: figuras/wayf-ds.png used on input line 253.
(pdftex.def)             Requested size: 455.24411pt x 189.78313pt.
 [52 <./figuras/wayf-ds.png>] [53] [54]
<figuras/fluxo-uapprove.png, id=206, 1283.194pt x 672.111pt>
File: figuras/fluxo-uapprove.png Graphic file (type png)

<use figuras/fluxo-uapprove.png>
Package pdftex.def Info: figuras/fluxo-uapprove.png used on input line 313.
(pdftex.def)             Requested size: 455.24411pt x 238.44211pt.
) [55 <./figuras/fluxo-uapprove.png>] [56]
\openout2 = `conclusoes.aux'.


(./conclusoes.tex
Cap\'{\i }tulo 5.
[57



]) [58] (./monografia.bbl [59


])
+-------------------------------------------------------------------+
| Comentario, sugestao ou critica sobre o abnTeX? Entre em contato: |
|                  http://abntex.codigolivre.org.br                 |
+-------------------------------------------------------------------+
[60] (./monografia.aux (./capa.aux) (./folhadeaprovacao.aux) (./dedicatoria.aux
) (./agradecimentos.aux) (./resumo.aux) (./abstract.aux) (./acronimos.aux)
(./introducao.aux) (./cap2.aux) (./cap3.aux) (./cap4.aux) (./conclusoes.aux)) )
 
Here is how much of TeX's memory you used:
 7258 strings out of 495039
 106888 string characters out of 3181248
 179455 words of memory out of 3000000
 10140 multiletter control sequences out of 15000+200000
 51053 words of font info for 103 fonts, out of 3000000 for 9000
 16 hyphenation exceptions out of 8191
 43i,13n,41p,1830b,580s stack positions out of 5000i,500n,10000p,200000b,50000s
{/usr/share/texlive/texmf-dist/fonts/enc/dvips/base/8r.enc}</usr/share/texlive/
texmf-dist/fonts/type1/public/amsfonts/cm/cmmi10.pfb></usr/share/texlive/texmf-
dist/fonts/type1/public/amsfonts/cm/cmsy10.pfb></usr/share/texlive/texmf-dist/f
onts/type1/urw/times/utmb8a.pfb></usr/share/texlive/texmf-dist/fonts/type1/urw/
times/utmbi8a.pfb></usr/share/texlive/texmf-dist/fonts/type1/urw/times/utmr8a.p
fb></usr/share/texlive/texmf-dist/fonts/type1/urw/times/utmri8a.pfb>
Output written on monografia.pdf (61 pages, 3789121 bytes).
PDF statistics:
 252 PDF objects out of 1000 (max. 8388607)
 157 compressed objects within 2 object streams
 0 named destinations out of 1000 (max. 500000)
 66 words of extra memory for PDF output out of 10000 (max. 10000000)

